V-1.19.1/android/app/build/intermediates/manifest_merge_blame_file/debug/manifest-merger-blame-debug-report.txt
1<?xml version="1.0" encoding="utf-8"?>
2<manifest xmlns:android="http://schemas.android.com/apk/res/android"
3    package="com.activeworkforcepro.app"
4    android:versionCode="25"
5    android:versionName="1.19.0" >
6
7    <uses-sdk
8        android:minSdkVersion="24"
9        android:targetSdkVersion="34" />
10
11    <uses-permission android:name="android.permission.INTERNET" />
11-->src\main\AndroidManifest.xml:3:5-67
11-->src\main\AndroidManifest.xml:3:22-64
12    <uses-permission android:name="android.permission.SYSTEM_ALERT_WINDOW" />
12-->src\main\AndroidManifest.xml:10:5-78
12-->src\main\AndroidManifest.xml:10:22-75
13    <uses-permission android:name="android.permission.RECEIVE_BOOT_COMPLETED" />
13-->src\main\AndroidManifest.xml:4:5-81
13-->src\main\AndroidManifest.xml:4:22-78
14    <uses-permission android:name="android.permission.CAMERA" />
14-->src\main\AndroidManifest.xml:5:5-65
14-->src\main\AndroidManifest.xml:5:22-62
15    <uses-permission android:name="android.permission.VIBRATE" />
15-->src\main\AndroidManifest.xml:6:5-66
15-->src\main\AndroidManifest.xml:6:22-63
16    <uses-permission android:name="android.permission.ACCESS_NETWORK_STATE" />
16-->src\main\AndroidManifest.xml:7:5-79
16-->src\main\AndroidManifest.xml:7:22-76
17    <uses-permission android:name="android.permission.READ_EXTERNAL_STORAGE" />
17-->src\main\AndroidManifest.xml:8:5-80
17-->src\main\AndroidManifest.xml:8:22-77
18    <uses-permission android:name="android.permission.WRITE_EXTERNAL_STORAGE" />
18-->src\main\AndroidManifest.xml:9:5-81
18-->src\main\AndroidManifest.xml:9:22-78
19    <uses-permission android:name="android.permission.USE_BIOMETRIC" />
19-->src\main\AndroidManifest.xml:12:5-72
19-->src\main\AndroidManifest.xml:12:22-69
20    <uses-permission android:name="android.permission.USE_FINGERPRINT" />
20-->src\main\AndroidManifest.xml:13:5-74
20-->src\main\AndroidManifest.xml:13:22-71
21    <uses-permission android:name="android.permission.NFC" />
21-->src\main\AndroidManifest.xml:15:6-63
21-->src\main\AndroidManifest.xml:15:23-60
22    <uses-permission android:name="android.permission.NFC_HCE" />
22-->src\main\AndroidManifest.xml:16:2-63
22-->src\main\AndroidManifest.xml:16:19-60
23    <uses-permission android:name="android.permission.BIND_NFC_SERVICE" />
23-->src\main\AndroidManifest.xml:17:2-72
23-->src\main\AndroidManifest.xml:17:19-69
24
25    <uses-feature
25-->src\main\AndroidManifest.xml:18:5-82
26        android:name="android.hardware.nfc"
26-->src\main\AndroidManifest.xml:18:19-54
27        android:required="false" />
27-->src\main\AndroidManifest.xml:18:55-79
28
29    <uses-permission android:name="com.google.android.c2dm.permission.RECEIVE" />
29-->src\main\AndroidManifest.xml:21:5-82
29-->src\main\AndroidManifest.xml:21:22-79
30    <uses-permission android:name="android.permission.POST_NOTIFICATIONS" />
30-->src\main\AndroidManifest.xml:23:5-77
30-->src\main\AndroidManifest.xml:23:22-74
31    <uses-permission android:name="com.google.android.c2dm.permission.SEND" /> <!-- Add SMS permission -->
31-->src\main\AndroidManifest.xml:24:5-79
31-->src\main\AndroidManifest.xml:24:22-76
32    <!-- <uses-permission android:name="android.permission.RECEIVE_SMS"/> -->
33    <!-- Add location permission -->
34    <!--
35 <uses-permission android:name="android.permission.ACCESS_FINE_LOCATION" />
36    <uses-permission android:name="android.permission.ACCESS_COARSE_LOCATION" />
37    -->
38    <!-- Optional: Background location access (Android 10 and higher) -->
39    <!-- <uses-permission android:name="android.permission.ACCESS_BACKGROUND_LOCATION" /> -->
40    <uses-permission android:name="android.permission.FOREGROUND_SERVICE" />
40-->src\main\AndroidManifest.xml:38:5-77
40-->src\main\AndroidManifest.xml:38:22-74
41    <uses-permission android:name="android.permission.ACCESS_WIFI_STATE" />
41-->[com.facebook.flipper:flipper:0.182.0] AndroidManifest.xml:16:5-76
41-->[com.facebook.flipper:flipper:0.182.0] AndroidManifest.xml:16:22-73
42    <uses-permission android:name="android.permission.WAKE_LOCK" /> <!-- Required to to download files without a notification -->
42-->[:react-native-firebase_messaging] AndroidManifest.xml:8:5-68
42-->[:react-native-firebase_messaging] AndroidManifest.xml:8:22-65
43    <uses-permission android:name="android.permission.DOWNLOAD_WITHOUT_NOTIFICATION" />
43-->[:react-native-blob-util] AndroidManifest.xml:32:5-88
43-->[:react-native-blob-util] AndroidManifest.xml:32:22-85
44
45    <queries>
45-->[:react-native-image-crop-picker] AndroidManifest.xml:7:5-11:15
46        <intent>
46-->[:react-native-image-crop-picker] AndroidManifest.xml:8:9-10:18
47            <action android:name="android.media.action.IMAGE_CAPTURE" />
47-->[:react-native-image-crop-picker] AndroidManifest.xml:9:13-73
47-->[:react-native-image-crop-picker] AndroidManifest.xml:9:21-70
48        </intent>
49    </queries>
50
51    <uses-permission android:name="com.google.android.finsky.permission.BIND_GET_INSTALL_REFERRER_SERVICE" />
51-->[com.google.android.gms:play-services-measurement:21.1.0] AndroidManifest.xml:26:5-110
51-->[com.google.android.gms:play-services-measurement:21.1.0] AndroidManifest.xml:26:22-107
52    <uses-permission android:name="com.google.android.gms.permission.AD_ID" />
52-->[com.google.android.gms:play-services-measurement-impl:21.1.0] AndroidManifest.xml:27:5-79
52-->[com.google.android.gms:play-services-measurement-impl:21.1.0] AndroidManifest.xml:27:22-76
53
54    <permission
54-->[androidx.core:core:1.12.0] AndroidManifest.xml:22:5-24:47
55        android:name="com.activeworkforcepro.app.DYNAMIC_RECEIVER_NOT_EXPORTED_PERMISSION"
55-->[androidx.core:core:1.12.0] AndroidManifest.xml:23:9-81
56        android:protectionLevel="signature" />
56-->[androidx.core:core:1.12.0] AndroidManifest.xml:24:9-44
57
58    <uses-permission android:name="com.activeworkforcepro.app.DYNAMIC_RECEIVER_NOT_EXPORTED_PERMISSION" /> <!-- for android -->
58-->[androidx.core:core:1.12.0] AndroidManifest.xml:26:5-97
58-->[androidx.core:core:1.12.0] AndroidManifest.xml:26:22-94
59    <!-- <uses-permission android:name="com.android.launcher.permission.READ_SETTINGS"/> -->
60    <!-- <uses-permission android:name="com.android.launcher.permission.WRITE_SETTINGS"/> -->
61    <!-- <uses-permission android:name="com.android.launcher.permission.INSTALL_SHORTCUT" /> -->
62    <!-- <uses-permission android:name="com.android.launcher.permission.UNINSTALL_SHORTCUT" /> -->
63    <!-- for Samsung -->
64    <uses-permission android:name="com.sec.android.provider.badge.permission.READ" />
64-->[me.leolin:ShortcutBadger:1.1.22] AndroidManifest.xml:19:5-86
64-->[me.leolin:ShortcutBadger:1.1.22] AndroidManifest.xml:19:22-83
65    <uses-permission android:name="com.sec.android.provider.badge.permission.WRITE" /> <!-- for htc -->
65-->[me.leolin:ShortcutBadger:1.1.22] AndroidManifest.xml:20:5-87
65-->[me.leolin:ShortcutBadger:1.1.22] AndroidManifest.xml:20:22-84
66    <uses-permission android:name="com.htc.launcher.permission.READ_SETTINGS" />
66-->[me.leolin:ShortcutBadger:1.1.22] AndroidManifest.xml:23:5-81
66-->[me.leolin:ShortcutBadger:1.1.22] AndroidManifest.xml:23:22-78
67    <uses-permission android:name="com.htc.launcher.permission.UPDATE_SHORTCUT" /> <!-- for sony -->
67-->[me.leolin:ShortcutBadger:1.1.22] AndroidManifest.xml:24:5-83
67-->[me.leolin:ShortcutBadger:1.1.22] AndroidManifest.xml:24:22-80
68    <uses-permission android:name="com.sonyericsson.home.permission.BROADCAST_BADGE" />
68-->[me.leolin:ShortcutBadger:1.1.22] AndroidManifest.xml:27:5-88
68-->[me.leolin:ShortcutBadger:1.1.22] AndroidManifest.xml:27:22-85
69    <uses-permission android:name="com.sonymobile.home.permission.PROVIDER_INSERT_BADGE" /> <!-- for apex -->
69-->[me.leolin:ShortcutBadger:1.1.22] AndroidManifest.xml:28:5-92
69-->[me.leolin:ShortcutBadger:1.1.22] AndroidManifest.xml:28:22-89
70    <uses-permission android:name="com.anddoes.launcher.permission.UPDATE_COUNT" /> <!-- for solid -->
70-->[me.leolin:ShortcutBadger:1.1.22] AndroidManifest.xml:31:5-84
70-->[me.leolin:ShortcutBadger:1.1.22] AndroidManifest.xml:31:22-81
71    <uses-permission android:name="com.majeur.launcher.permission.UPDATE_BADGE" /> <!-- for huawei -->
71-->[me.leolin:ShortcutBadger:1.1.22] AndroidManifest.xml:34:5-83
71-->[me.leolin:ShortcutBadger:1.1.22] AndroidManifest.xml:34:22-80
72    <uses-permission android:name="com.huawei.android.launcher.permission.CHANGE_BADGE" />
72-->[me.leolin:ShortcutBadger:1.1.22] AndroidManifest.xml:37:5-91
72-->[me.leolin:ShortcutBadger:1.1.22] AndroidManifest.xml:37:22-88
73    <uses-permission android:name="com.huawei.android.launcher.permission.READ_SETTINGS" />
73-->[me.leolin:ShortcutBadger:1.1.22] AndroidManifest.xml:38:5-92
73-->[me.leolin:ShortcutBadger:1.1.22] AndroidManifest.xml:38:22-89
74    <uses-permission android:name="com.huawei.android.launcher.permission.WRITE_SETTINGS" /> <!-- for ZUK -->
74-->[me.leolin:ShortcutBadger:1.1.22] AndroidManifest.xml:39:5-93
74-->[me.leolin:ShortcutBadger:1.1.22] AndroidManifest.xml:39:22-90
75    <uses-permission android:name="android.permission.READ_APP_BADGE" /> <!-- for OPPO -->
75-->[me.leolin:ShortcutBadger:1.1.22] AndroidManifest.xml:42:5-73
75-->[me.leolin:ShortcutBadger:1.1.22] AndroidManifest.xml:42:22-70
76    <uses-permission android:name="com.oppo.launcher.permission.READ_SETTINGS" />
76-->[me.leolin:ShortcutBadger:1.1.22] AndroidManifest.xml:45:5-82
76-->[me.leolin:ShortcutBadger:1.1.22] AndroidManifest.xml:45:22-79
77    <uses-permission android:name="com.oppo.launcher.permission.WRITE_SETTINGS" /> <!-- for EvMe -->
77-->[me.leolin:ShortcutBadger:1.1.22] AndroidManifest.xml:46:5-83
77-->[me.leolin:ShortcutBadger:1.1.22] AndroidManifest.xml:46:22-80
78    <uses-permission android:name="me.everything.badger.permission.BADGE_COUNT_READ" />
78-->[me.leolin:ShortcutBadger:1.1.22] AndroidManifest.xml:49:5-88
78-->[me.leolin:ShortcutBadger:1.1.22] AndroidManifest.xml:49:22-85
79    <uses-permission android:name="me.everything.badger.permission.BADGE_COUNT_WRITE" />
79-->[me.leolin:ShortcutBadger:1.1.22] AndroidManifest.xml:50:5-89
79-->[me.leolin:ShortcutBadger:1.1.22] AndroidManifest.xml:50:22-86
80
81    <application
81-->src\main\AndroidManifest.xml:41:5-100:19
82        android:name="com.activeworkforcepro.app.MainApplication"
82-->src\main\AndroidManifest.xml:44:7-38
83        android:allowBackup="false"
83-->src\main\AndroidManifest.xml:48:7-34
84        android:appComponentFactory="androidx.core.app.CoreComponentFactory"
84-->[androidx.core:core:1.12.0] AndroidManifest.xml:28:18-86
85        android:debuggable="true"
86        android:extractNativeLibs="false"
87        android:icon="@mipmap/awp_logo"
87-->src\main\AndroidManifest.xml:47:7-38
88        android:label="Active Workforce Pro"
88-->src\main\AndroidManifest.xml:45:7-43
89        android:requestLegacyExternalStorage="true"
89-->src\main\AndroidManifest.xml:42:6-49
90        android:theme="@style/AppTheme"
90-->src\main\AndroidManifest.xml:49:7-38
91        android:usesCleartextTraffic="true" >
91-->src\main\AndroidManifest.xml:43:5-40
92        <activity
92-->src\debug\AndroidManifest.xml:12:9-111
93            android:name="com.facebook.react.devsupport.DevSettingsActivity"
93-->src\debug\AndroidManifest.xml:12:19-83
94            android:exported="false" />
94-->src\debug\AndroidManifest.xml:12:84-108
95        <activity
95-->src\main\AndroidManifest.xml:50:7-73:18
96            android:name="com.activeworkforcepro.app.MainActivity"
96-->src\main\AndroidManifest.xml:51:9-37
97            android:configChanges="keyboard|keyboardHidden|orientation|screenLayout|screenSize|smallestScreenSize|uiMode"
97-->src\main\AndroidManifest.xml:53:9-118
98            android:exported="true"
98-->src\main\AndroidManifest.xml:56:9-32
99            android:label="Active Workforce Pro"
99-->src\main\AndroidManifest.xml:52:9-45
100            android:launchMode="singleTask"
100-->src\main\AndroidManifest.xml:54:9-40
101            android:windowSoftInputMode="adjustResize" >
101-->src\main\AndroidManifest.xml:55:9-51
102            <intent-filter android:autoVerify="true" >
102-->src\main\AndroidManifest.xml:58:3-64:19
102-->src\main\AndroidManifest.xml:58:18-43
103                <action android:name="android.intent.action.VIEW" />
103-->src\main\AndroidManifest.xml:59:9-61
103-->src\main\AndroidManifest.xml:59:17-58
104
105                <category android:name="android.intent.category.DEFAULT" />
105-->src\main\AndroidManifest.xml:60:9-68
105-->src\main\AndroidManifest.xml:60:19-65
106                <category android:name="android.intent.category.BROWSABLE" />
106-->src\main\AndroidManifest.xml:61:9-70
106-->src\main\AndroidManifest.xml:61:19-67
107
108                <data
108-->src\main\AndroidManifest.xml:62:9-135
109                    android:host="com.activeworkforcepro.app"
109-->src\main\AndroidManifest.xml:62:51-92
110                    android:pathPrefix="/UnconfirmedShifts"
110-->src\main\AndroidManifest.xml:62:93-132
111                    android:scheme="activeworkforcepro" />
111-->src\main\AndroidManifest.xml:62:15-50
112                <data android:mimeType="*/*" />
112-->src\main\AndroidManifest.xml:62:9-135
113            </intent-filter>
114            <intent-filter>
114-->src\main\AndroidManifest.xml:65:9-68:25
115                <action android:name="android.intent.action.MAIN" />
115-->src\main\AndroidManifest.xml:66:7-59
115-->src\main\AndroidManifest.xml:66:15-56
116
117                <category android:name="android.intent.category.LAUNCHER" />
117-->src\main\AndroidManifest.xml:67:13-73
117-->src\main\AndroidManifest.xml:67:23-70
118            </intent-filter>
119            <intent-filter>
119-->src\main\AndroidManifest.xml:69:9-71:25
120                <action android:name="android.nfc.action.TECH_DISCOVERED" />
120-->src\main\AndroidManifest.xml:70:13-73
120-->src\main\AndroidManifest.xml:70:21-70
121            </intent-filter>
122        </activity>
123
124        <service android:name="com.activeworkforcepro.app.ForegroundService" />
124-->src\main\AndroidManifest.xml:75:8-76:49
124-->src\main\AndroidManifest.xml:76:13-46
125        <!--
126 <service
127            android:name=".MyFirebaseMessagingService"
128            android:exported="true">
129            <intent-filter>
130                <action android:name="com.google.firebase.MESSAGING_EVENT" />
131            </intent-filter>
132        </service>
133        -->
134        <receiver android:name="io.invertase.firebase.notifications.RNFirebaseNotificationReceiver" />
134-->src\main\AndroidManifest.xml:86:9-112
134-->src\main\AndroidManifest.xml:86:19-100
135        <receiver
135-->src\main\AndroidManifest.xml:87:9-167
136            android:name="io.invertase.firebase.notifications.RNFirebaseNotificationsRebootReceiver"
136-->src\main\AndroidManifest.xml:87:67-155
137            android:enabled="true"
137-->src\main\AndroidManifest.xml:87:19-41
138            android:exported="true" />
138-->src\main\AndroidManifest.xml:87:42-65
139
140        <service android:name="io.invertase.firebase.messaging.RNFirebaseBackgroundMessagingService" />
140-->src\main\AndroidManifest.xml:89:9-104
140-->src\main\AndroidManifest.xml:89:18-101
141        <service
141-->src\main\AndroidManifest.xml:93:9-96:35
142            android:name="com.dieam.reactnativepushnotification.services.PushNotificationService"
142-->src\main\AndroidManifest.xml:94:9-94
143            android:exported="true"
143-->src\main\AndroidManifest.xml:96:9-32
144            android:permission="android.permission.BLUETOOTH_ADMIN" />
144-->src\main\AndroidManifest.xml:95:9-64
145        <service android:name="com.dieam.reactnativepushnotification.modules.PushNotificationService" />
145-->src\main\AndroidManifest.xml:98:5-100
145-->src\main\AndroidManifest.xml:98:14-98
146
147        <receiver
147-->src\main\AndroidManifest.xml:99:5-127
148            android:name="com.dieam.reactnativepushnotification.modules.PushNotificationReceiver"
148-->src\main\AndroidManifest.xml:99:15-100
149            android:exported="false" />
149-->src\main\AndroidManifest.xml:99:101-125
150
151        <service android:name="io.invertase.firebase.messaging.ReactNativeFirebaseMessagingHeadlessService" />
151-->[:react-native-firebase_messaging] AndroidManifest.xml:12:9-111
151-->[:react-native-firebase_messaging] AndroidManifest.xml:12:18-108
152        <service
152-->[:react-native-firebase_messaging] AndroidManifest.xml:13:9-19:19
153            android:name="io.invertase.firebase.messaging.ReactNativeFirebaseMessagingService"
153-->[:react-native-firebase_messaging] AndroidManifest.xml:14:13-95
154            android:exported="false" >
154-->[:react-native-firebase_messaging] AndroidManifest.xml:15:13-37
155            <intent-filter>
155-->[:react-native-firebase_messaging] AndroidManifest.xml:16:13-18:29
156                <action android:name="com.google.firebase.MESSAGING_EVENT" />
156-->[:react-native-firebase_messaging] AndroidManifest.xml:17:17-78
156-->[:react-native-firebase_messaging] AndroidManifest.xml:17:25-75
157            </intent-filter>
158        </service>
159
160        <receiver
160-->[:react-native-firebase_messaging] AndroidManifest.xml:21:9-28:20
161            android:name="io.invertase.firebase.messaging.ReactNativeFirebaseMessagingReceiver"
161-->[:react-native-firebase_messaging] AndroidManifest.xml:22:13-96
162            android:exported="true"
162-->[:react-native-firebase_messaging] AndroidManifest.xml:23:13-36
163            android:permission="com.google.android.c2dm.permission.SEND" >
163-->[:react-native-firebase_messaging] AndroidManifest.xml:24:13-73
164            <intent-filter>
164-->[:react-native-firebase_messaging] AndroidManifest.xml:25:13-27:29
165                <action android:name="com.google.android.c2dm.intent.RECEIVE" />
165-->[:react-native-firebase_messaging] AndroidManifest.xml:26:17-81
165-->[:react-native-firebase_messaging] AndroidManifest.xml:26:25-78
166            </intent-filter>
167        </receiver>
168
169        <meta-data
169-->[:react-native-firebase_messaging] AndroidManifest.xml:30:9-32:36
170            android:name="firebase_messaging_auto_init_enabled"
170-->[:react-native-firebase_messaging] AndroidManifest.xml:31:13-64
171            android:value="true" />
171-->[:react-native-firebase_messaging] AndroidManifest.xml:32:13-33
172        <meta-data
172-->[:react-native-firebase_messaging] AndroidManifest.xml:33:9-35:32
173            android:name="com.google.firebase.messaging.default_notification_channel_id"
173-->[:react-native-firebase_messaging] AndroidManifest.xml:34:13-89
174            android:value="" />
174-->[:react-native-firebase_messaging] AndroidManifest.xml:35:13-29
175        <meta-data
175-->[:react-native-firebase_messaging] AndroidManifest.xml:36:9-38:47
176            android:name="com.google.firebase.messaging.default_notification_color"
176-->[:react-native-firebase_messaging] AndroidManifest.xml:37:13-84
177            android:resource="@color/white" />
177-->[:react-native-firebase_messaging] AndroidManifest.xml:38:13-44
178        <meta-data
178-->[:react-native-firebase_app] AndroidManifest.xml:8:9-10:36
179            android:name="app_data_collection_default_enabled"
179-->[:react-native-firebase_app] AndroidManifest.xml:9:13-63
180            android:value="true" />
180-->[:react-native-firebase_app] AndroidManifest.xml:10:13-33
181
182        <service
182-->[:react-native-firebase_app] AndroidManifest.xml:12:9-16:19
183            android:name="com.google.firebase.components.ComponentDiscoveryService"
183-->[:react-native-firebase_app] AndroidManifest.xml:12:18-89
184            android:directBootAware="true"
184-->[com.google.firebase:firebase-common:20.2.0] AndroidManifest.xml:34:13-43
185            android:exported="false" >
185-->[com.google.firebase:firebase-messaging:23.1.0] AndroidManifest.xml:54:13-37
186            <meta-data
186-->[:react-native-firebase_app] AndroidManifest.xml:13:13-15:85
187                android:name="com.google.firebase.components:io.invertase.firebase.app.ReactNativeFirebaseAppRegistrar"
187-->[:react-native-firebase_app] AndroidManifest.xml:14:17-120
188                android:value="com.google.firebase.components.ComponentRegistrar" />
188-->[:react-native-firebase_app] AndroidManifest.xml:15:17-82
189            <meta-data
189-->[com.google.firebase:firebase-messaging:23.1.0] AndroidManifest.xml:55:13-57:85
190                android:name="com.google.firebase.components:com.google.firebase.messaging.FirebaseMessagingRegistrar"
190-->[com.google.firebase:firebase-messaging:23.1.0] AndroidManifest.xml:56:17-119
191                android:value="com.google.firebase.components.ComponentRegistrar" />
191-->[com.google.firebase:firebase-messaging:23.1.0] AndroidManifest.xml:57:17-82
192            <meta-data
192-->[com.google.firebase:firebase-datatransport:18.1.7] AndroidManifest.xml:27:13-29:85
193                android:name="com.google.firebase.components:com.google.firebase.datatransport.TransportRegistrar"
193-->[com.google.firebase:firebase-datatransport:18.1.7] AndroidManifest.xml:28:17-115
194                android:value="com.google.firebase.components.ComponentRegistrar" />
194-->[com.google.firebase:firebase-datatransport:18.1.7] AndroidManifest.xml:29:17-82
195            <meta-data
195-->[com.google.android.gms:play-services-measurement-api:21.1.0] AndroidManifest.xml:31:13-33:85
196                android:name="com.google.firebase.components:com.google.firebase.analytics.connector.internal.AnalyticsConnectorRegistrar"
196-->[com.google.android.gms:play-services-measurement-api:21.1.0] AndroidManifest.xml:32:17-139
197                android:value="com.google.firebase.components.ComponentRegistrar" />
197-->[com.google.android.gms:play-services-measurement-api:21.1.0] AndroidManifest.xml:33:17-82
198            <meta-data
198-->[com.google.firebase:firebase-installations:17.1.0] AndroidManifest.xml:17:13-19:85
199                android:name="com.google.firebase.components:com.google.firebase.installations.FirebaseInstallationsRegistrar"
199-->[com.google.firebase:firebase-installations:17.1.0] AndroidManifest.xml:18:17-127
200                android:value="com.google.firebase.components.ComponentRegistrar" />
200-->[com.google.firebase:firebase-installations:17.1.0] AndroidManifest.xml:19:17-82
201        </service>
202
203        <provider
203-->[:react-native-firebase_app] AndroidManifest.xml:18:9-22:38
204            android:name="io.invertase.firebase.app.ReactNativeFirebaseAppInitProvider"
204-->[:react-native-firebase_app] AndroidManifest.xml:19:13-88
205            android:authorities="com.activeworkforcepro.app.reactnativefirebaseappinitprovider"
205-->[:react-native-firebase_app] AndroidManifest.xml:20:13-86
206            android:exported="false"
206-->[:react-native-firebase_app] AndroidManifest.xml:21:13-37
207            android:initOrder="99" />
207-->[:react-native-firebase_app] AndroidManifest.xml:22:13-35
208        <provider
208-->[:react-native-blob-util] AndroidManifest.xml:35:9-43:20
209            android:name="com.ReactNativeBlobUtil.Utils.FileProvider"
209-->[:react-native-blob-util] AndroidManifest.xml:36:13-70
210            android:authorities="com.activeworkforcepro.app.provider"
210-->[:react-native-blob-util] AndroidManifest.xml:37:13-60
211            android:exported="false"
211-->[:react-native-blob-util] AndroidManifest.xml:38:13-37
212            android:grantUriPermissions="true" >
212-->[:react-native-blob-util] AndroidManifest.xml:39:13-47
213            <meta-data
213-->[:react-native-blob-util] AndroidManifest.xml:40:13-42:58
214                android:name="android.support.FILE_PROVIDER_PATHS"
214-->[:react-native-blob-util] AndroidManifest.xml:41:17-67
215                android:resource="@xml/provider_paths" />
215-->[:react-native-blob-util] AndroidManifest.xml:42:17-55
216        </provider>
217        <provider
217-->[:react-native-image-crop-picker] AndroidManifest.xml:16:9-24:20
218            android:name="com.reactnative.ivpusic.imagepicker.IvpusicImagePickerFileProvider"
218-->[:react-native-image-crop-picker] AndroidManifest.xml:17:13-94
219            android:authorities="com.activeworkforcepro.app.provider"
219-->[:react-native-image-crop-picker] AndroidManifest.xml:18:13-60
220            android:exported="false"
220-->[:react-native-image-crop-picker] AndroidManifest.xml:19:13-37
221            android:grantUriPermissions="true" >
221-->[:react-native-image-crop-picker] AndroidManifest.xml:20:13-47
222            <meta-data
222-->[:react-native-blob-util] AndroidManifest.xml:40:13-42:58
223                android:name="android.support.FILE_PROVIDER_PATHS"
223-->[:react-native-blob-util] AndroidManifest.xml:41:17-67
224                android:resource="@xml/ivpusic_imagepicker_provider_paths" />
224-->[:react-native-blob-util] AndroidManifest.xml:42:17-55
225        </provider>
226
227        <activity
227-->[:react-native-image-crop-picker] AndroidManifest.xml:26:9-28:72
228            android:name="com.yalantis.ucrop.UCropActivity"
228-->[:react-native-image-crop-picker] AndroidManifest.xml:27:13-60
229            android:theme="@style/Theme.AppCompat.Light.NoActionBar" />
229-->[:react-native-image-crop-picker] AndroidManifest.xml:28:13-69
230
231        <provider
231-->[:react-native-image-picker] AndroidManifest.xml:8:9-16:20
232            android:name="com.imagepicker.ImagePickerProvider"
232-->[:react-native-image-picker] AndroidManifest.xml:9:13-63
233            android:authorities="com.activeworkforcepro.app.imagepickerprovider"
233-->[:react-native-image-picker] AndroidManifest.xml:10:13-71
234            android:exported="false"
234-->[:react-native-image-picker] AndroidManifest.xml:11:13-37
235            android:grantUriPermissions="true" >
235-->[:react-native-image-picker] AndroidManifest.xml:12:13-47
236            <meta-data
236-->[:react-native-blob-util] AndroidManifest.xml:40:13-42:58
237                android:name="android.support.FILE_PROVIDER_PATHS"
237-->[:react-native-blob-util] AndroidManifest.xml:41:17-67
238                android:resource="@xml/imagepicker_provider_paths" />
238-->[:react-native-blob-util] AndroidManifest.xml:42:17-55
239        </provider>
240        <provider
240-->[:react-native-webview] AndroidManifest.xml:8:9-16:20
241            android:name="com.reactnativecommunity.webview.RNCWebViewFileProvider"
241-->[:react-native-webview] AndroidManifest.xml:9:13-83
242            android:authorities="com.activeworkforcepro.app.fileprovider"
242-->[:react-native-webview] AndroidManifest.xml:10:13-64
243            android:exported="false"
243-->[:react-native-webview] AndroidManifest.xml:11:13-37
244            android:grantUriPermissions="true" >
244-->[:react-native-webview] AndroidManifest.xml:12:13-47
245            <meta-data
245-->[:react-native-blob-util] AndroidManifest.xml:40:13-42:58
246                android:name="android.support.FILE_PROVIDER_PATHS"
246-->[:react-native-blob-util] AndroidManifest.xml:41:17-67
247                android:resource="@xml/file_provider_paths" />
247-->[:react-native-blob-util] AndroidManifest.xml:42:17-55
248        </provider>
249
250        <receiver
250-->[com.google.firebase:firebase-messaging:23.1.0] AndroidManifest.xml:31:9-38:20
251            android:name="com.google.firebase.iid.FirebaseInstanceIdReceiver"
251-->[com.google.firebase:firebase-messaging:23.1.0] AndroidManifest.xml:32:13-78
252            android:exported="true"
252-->[com.google.firebase:firebase-messaging:23.1.0] AndroidManifest.xml:33:13-36
253            android:permission="com.google.android.c2dm.permission.SEND" >
253-->[com.google.firebase:firebase-messaging:23.1.0] AndroidManifest.xml:34:13-73
254            <intent-filter>
254-->[:react-native-firebase_messaging] AndroidManifest.xml:25:13-27:29
255                <action android:name="com.google.android.c2dm.intent.RECEIVE" />
255-->[:react-native-firebase_messaging] AndroidManifest.xml:26:17-81
255-->[:react-native-firebase_messaging] AndroidManifest.xml:26:25-78
256            </intent-filter>
257        </receiver>
258        <!--
259             FirebaseMessagingService performs security checks at runtime,
260             but set to not exported to explicitly avoid allowing another app to call it.
261        -->
262        <service
262-->[com.google.firebase:firebase-messaging:23.1.0] AndroidManifest.xml:44:9-51:19
263            android:name="com.google.firebase.messaging.FirebaseMessagingService"
263-->[com.google.firebase:firebase-messaging:23.1.0] AndroidManifest.xml:45:13-82
264            android:directBootAware="true"
264-->[com.google.firebase:firebase-messaging:23.1.0] AndroidManifest.xml:46:13-43
265            android:exported="false" >
265-->[com.google.firebase:firebase-messaging:23.1.0] AndroidManifest.xml:47:13-37
266            <intent-filter android:priority="-500" >
266-->[:react-native-firebase_messaging] AndroidManifest.xml:16:13-18:29
267                <action android:name="com.google.firebase.MESSAGING_EVENT" />
267-->[:react-native-firebase_messaging] AndroidManifest.xml:17:17-78
267-->[:react-native-firebase_messaging] AndroidManifest.xml:17:25-75
268            </intent-filter>
269        </service>
270
271        <meta-data
271-->[com.github.bumptech.glide:okhttp3-integration:4.12.0] AndroidManifest.xml:11:9-13:43
272            android:name="com.bumptech.glide.integration.okhttp3.OkHttpGlideModule"
272-->[com.github.bumptech.glide:okhttp3-integration:4.12.0] AndroidManifest.xml:12:13-84
273            android:value="GlideModule" />
273-->[com.github.bumptech.glide:okhttp3-integration:4.12.0] AndroidManifest.xml:13:13-40
274
275        <activity
275-->[com.google.android.gms:play-services-auth:19.2.0] AndroidManifest.xml:23:9-27:75